android_sale-master/app/build/intermediates/manifest_merge_blame_file/debug/manifest-merger-blame-debug-report.txt
1<?xml version="1.0" encoding="utf-8"?>
2<manifest xmlns:android="http://schemas.android.com/apk/res/android"
3    package="com.abc.sale"
4    android:versionCode="1"
5    android:versionName="1.0" >
6
7    <uses-sdk
8        android:minSdkVersion="18"
8-->src\main\AndroidManifest.xml
9        android:targetSdkVersion="28" />
9-->src\main\AndroidManifest.xml
10
11    <!-- API -->
12    <uses-permission android:name="android.permission.INTERNET" />
12-->src\main\AndroidManifest.xml:6:5-67
12-->src\main\AndroidManifest.xml:6:22-64
13    <uses-permission android:name="android.permission.ACCESS_NETWORK_STATE" />
13-->src\main\AndroidManifest.xml:7:5-79
13-->src\main\AndroidManifest.xml:7:22-76
14    <uses-permission android:name="android.permission.ACCESS_WIFI_STATE" />
14-->src\main\AndroidManifest.xml:8:5-76
14-->src\main\AndroidManifest.xml:8:22-73
15    <!-- networkSecurityConfig is also for API. (see below) -->
16
17
18    <!-- Camera -->
19    <uses-feature android:name="android.hardware.camera" />
19-->src\main\AndroidManifest.xml:12:5-60
19-->src\main\AndroidManifest.xml:12:19-57
20    <uses-feature android:name="android.hardware.camera.autofocus" />
20-->src\main\AndroidManifest.xml:13:5-70
20-->src\main\AndroidManifest.xml:13:19-67
21
22    <uses-permission android:name="android.permission.READ_EXTERNAL_STORAGE" />
22-->src\main\AndroidManifest.xml:14:5-80
22-->src\main\AndroidManifest.xml:14:22-77
23    <uses-permission android:name="android.permission.WRITE_EXTERNAL_STORAGE" />
23-->src\main\AndroidManifest.xml:15:5-81
23-->src\main\AndroidManifest.xml:15:22-78
24
25    <!-- Google Map and GPS Location -->
26    <uses-feature android:name="android.hardware.location.gps" />
26-->src\main\AndroidManifest.xml:18:5-66
26-->src\main\AndroidManifest.xml:18:19-63
27
28    <uses-permission android:name="android.permission.ACCESS_COARSE_LOCATION" />
28-->src\main\AndroidManifest.xml:19:5-81
28-->src\main\AndroidManifest.xml:19:22-78
29    <uses-permission android:name="android.permission.ACCESS_LOCATION_EXTRA_COMMANDS" />
29-->src\main\AndroidManifest.xml:20:5-89
29-->src\main\AndroidManifest.xml:20:22-86
30    <uses-permission android:name="android.permission.ACCESS_FINE_LOCATION" />
30-->src\main\AndroidManifest.xml:21:5-79
30-->src\main\AndroidManifest.xml:21:22-76
31
32    <uses-feature
32-->[com.google.android.gms:play-services-maps:16.1.0] AndroidManifest.xml:26:5-28:35
33        android:glEsVersion="0x00020000"
33-->[com.google.android.gms:play-services-maps:16.1.0] AndroidManifest.xml:27:9-41
34        android:required="true" />
34-->[com.google.android.gms:play-services-maps:16.1.0] AndroidManifest.xml:28:9-32
35
36    <application
36-->src\main\AndroidManifest.xml:23:5-110:19
37        android:allowBackup="true"
37-->src\main\AndroidManifest.xml:24:9-35
38        android:appComponentFactory="android.support.v4.app.CoreComponentFactory"
38-->[com.android.support:support-compat:28.0.0] AndroidManifest.xml:22:18-91
39        android:debuggable="true"
40        android:icon="@mipmap/ic_launcher"
40-->src\main\AndroidManifest.xml:25:9-43
41        android:label="@string/app_name"
41-->src\main\AndroidManifest.xml:26:9-41
42        android:networkSecurityConfig="@xml/network_security_config"
42-->src\main\AndroidManifest.xml:27:9-69
43        android:roundIcon="@mipmap/ic_launcher_round"
43-->src\main\AndroidManifest.xml:28:9-54
44        android:supportsRtl="true"
44-->src\main\AndroidManifest.xml:29:9-35
45        android:theme="@style/AppTheme" >
45-->src\main\AndroidManifest.xml:30:9-40
46
47        <!-- Google Map -->
48        <meta-data
48-->src\main\AndroidManifest.xml:33:9-35:55
49            android:name="com.google.android.geo.API_KEY"
49-->src\main\AndroidManifest.xml:34:13-58
50            android:value="@string/google_maps_key" />
50-->src\main\AndroidManifest.xml:35:13-52
51
52        <provider
53            android:name="android.support.v4.content.FileProvider"
53-->src\main\AndroidManifest.xml:37:13-67
54            android:authorities="com.abc.sale.provider"
54-->src\main\AndroidManifest.xml:38:13-60
55            android:exported="false"
55-->src\main\AndroidManifest.xml:39:13-37
56            android:grantUriPermissions="true" >
56-->src\main\AndroidManifest.xml:40:13-47
57            <meta-data
57-->src\main\AndroidManifest.xml:41:13-43:58
58                android:name="android.support.FILE_PROVIDER_PATHS"
58-->src\main\AndroidManifest.xml:42:17-67
59                android:resource="@xml/provider_paths" />
59-->src\main\AndroidManifest.xml:43:17-55
60        </provider>
61
62        <activity
62-->src\main\AndroidManifest.xml:45:9-48:20
63            android:name="com.abc.sale.LoginActivity"
63-->src\main\AndroidManifest.xml:46:13-42
64            android:label="Login" >
64-->src\main\AndroidManifest.xml:47:13-34
65        </activity>
66        <activity
66-->src\main\AndroidManifest.xml:50:9-58:20
67            android:name="com.abc.sale.MainActivity"
67-->src\main\AndroidManifest.xml:51:13-41
68            android:label="@string/app_name"
68-->src\main\AndroidManifest.xml:52:13-45
69            android:theme="@style/AppTheme.NoActionBar" >
69-->src\main\AndroidManifest.xml:53:13-56
70            <intent-filter>
70-->src\main\AndroidManifest.xml:54:13-57:29
71                <action android:name="android.intent.action.MAIN" />
71-->src\main\AndroidManifest.xml:55:17-69
71-->src\main\AndroidManifest.xml:55:25-66
72
73                <category android:name="android.intent.category.LAUNCHER" />
73-->src\main\AndroidManifest.xml:56:17-77
73-->src\main\AndroidManifest.xml:56:27-74
74            </intent-filter>
75        </activity>
76        <activity
76-->src\main\AndroidManifest.xml:60:9-65:20
77            android:name="com.abc.sale.EmployeeIndexActivity"
77-->src\main\AndroidManifest.xml:61:13-50
78            android:label="รายการพนักงาน"
78-->src\main\AndroidManifest.xml:62:13-42
79            android:theme="@style/AppTheme.NoActionBar" >
79-->src\main\AndroidManifest.xml:63:13-56
80        </activity>
81        <activity
81-->src\main\AndroidManifest.xml:66:9-69:59
82            android:name="com.abc.sale.EmployeeViewActivity"
82-->src\main\AndroidManifest.xml:67:13-49
83            android:label="รายละเอียดพนักงาน"
83-->src\main\AndroidManifest.xml:68:13-46
84            android:theme="@style/AppTheme.NoActionBar" />
84-->src\main\AndroidManifest.xml:69:13-56
85        <activity
85-->src\main\AndroidManifest.xml:70:9-74:20
86            android:name="com.abc.sale.EmployeeAddActivity"
86-->src\main\AndroidManifest.xml:71:13-48
87            android:label="เพิ่มข้อมูลพนักงาน"
87-->src\main\AndroidManifest.xml:72:13-47
88            android:theme="@style/AppTheme.NoActionBar" >
88-->src\main\AndroidManifest.xml:73:13-56
89        </activity>
90        <activity
90-->src\main\AndroidManifest.xml:75:9-78:59
91            android:name="com.abc.sale.EmployeeUpdateActivity"
91-->src\main\AndroidManifest.xml:76:13-51
92            android:label="แก้ไขข้อมูลพนักงาน"
92-->src\main\AndroidManifest.xml:77:13-47
93            android:theme="@style/AppTheme.NoActionBar" />
93-->src\main\AndroidManifest.xml:78:13-56
94        <activity
94-->src\main\AndroidManifest.xml:79:9-82:59
95            android:name="com.abc.sale.EmployeeDeleteActivity"
95-->src\main\AndroidManifest.xml:80:13-51
96            android:label="ลบข้อมูลพนักงาน"
96-->src\main\AndroidManifest.xml:81:13-44
97            android:theme="@style/AppTheme.NoActionBar" />
97-->src\main\AndroidManifest.xml:82:13-56
98        <activity
98-->src\main\AndroidManifest.xml:83:9-86:59
99            android:name="com.abc.sale.CameraActivity"
99-->src\main\AndroidManifest.xml:84:13-43
100            android:label="Camera"
100-->src\main\AndroidManifest.xml:85:13-35
101            android:theme="@style/AppTheme.NoActionBar" />
101-->src\main\AndroidManifest.xml:86:13-56
102        <activity
102-->src\main\AndroidManifest.xml:87:9-90:59
103            android:name="com.abc.sale.QrActivity"
103-->src\main\AndroidManifest.xml:88:13-39
104            android:label="QR Code"
104-->src\main\AndroidManifest.xml:89:13-36
105            android:theme="@style/AppTheme.NoActionBar" />
105-->src\main\AndroidManifest.xml:90:13-56
106        <activity
106-->src\main\AndroidManifest.xml:91:9-94:59
107            android:name="com.abc.sale.MapsActivity"
107-->src\main\AndroidManifest.xml:92:13-41
108            android:label="Google Map"
108-->src\main\AndroidManifest.xml:93:13-39
109            android:theme="@style/AppTheme.NoActionBar" />
109-->src\main\AndroidManifest.xml:94:13-56
110        <activity
110-->src\main\AndroidManifest.xml:95:9-99:20
111            android:name="com.abc.sale.ProductBarActivity"
111-->src\main\AndroidManifest.xml:96:13-47
112            android:label="Bar Chart"
112-->src\main\AndroidManifest.xml:97:13-38
113            android:theme="@style/AppTheme.NoActionBar" >
113-->src\main\AndroidManifest.xml:98:13-56
114        </activity>
115        <activity
115-->src\main\AndroidManifest.xml:100:9-104:20
116            android:name="com.abc.sale.ProductPieActivity"
116-->src\main\AndroidManifest.xml:101:13-47
117            android:label="Pie Chart"
117-->src\main\AndroidManifest.xml:102:13-38
118            android:theme="@style/AppTheme.NoActionBar" >
118-->src\main\AndroidManifest.xml:103:13-56
119        </activity>
120        <activity
120-->src\main\AndroidManifest.xml:105:9-109:20
121            android:name="com.abc.sale.ProductLineActivity"
121-->src\main\AndroidManifest.xml:106:13-48
122            android:label="Line Chart"
122-->src\main\AndroidManifest.xml:107:13-39
123            android:theme="@style/AppTheme.NoActionBar" >
123-->src\main\AndroidManifest.xml:108:13-56
124        </activity>
125        <!-- Needs to be explicitly declared on P+ -->
126        <uses-library
126-->[com.google.android.gms:play-services-maps:16.1.0] AndroidManifest.xml:33:9-35:40
127            android:name="org.apache.http.legacy"
127-->[com.google.android.gms:play-services-maps:16.1.0] AndroidManifest.xml:34:13-50
128            android:required="false" />
128-->[com.google.android.gms:play-services-maps:16.1.0] AndroidManifest.xml:35:13-37
129
130        <activity
130-->[com.google.android.gms:play-services-base:16.0.1] AndroidManifest.xml:23:9-26:75
131            android:name="com.google.android.gms.common.api.GoogleApiActivity"
131-->[com.google.android.gms:play-services-base:16.0.1] AndroidManifest.xml:24:13-79
132            android:exported="false"
132-->[com.google.android.gms:play-services-base:16.0.1] AndroidManifest.xml:25:13-37
133            android:theme="@android:style/Theme.Translucent.NoTitleBar" />
133-->[com.google.android.gms:play-services-base:16.0.1] AndroidManifest.xml:26:13-72
134
135        <meta-data
135-->[com.google.android.gms:play-services-basement:16.0.1] AndroidManifest.xml:23:9-25:69
136            android:name="com.google.android.gms.version"
136-->[com.google.android.gms:play-services-basement:16.0.1] AndroidManifest.xml:24:13-58
137            android:value="@integer/google_play_services_version" />
137-->[com.google.android.gms:play-services-basement:16.0.1] AndroidManifest.xml:25:13-66
138        <meta-data
138-->[com.android.support:support-v4:26.1.0] AndroidManifest.xml:26:9-28:38
139            android:name="android.support.VERSION"
139-->[com.android.support:support-v4:26.1.0] AndroidManifest.xml:27:13-51
140            android:value="26.1.0" />
140-->[com.android.support:support-v4:26.1.0] AndroidManifest.xml:28:13-35
141    </application>
142
143</manifest>